<?xml version="1.0" encoding="UTF-8"?>
<coverage generated="1509476934549" clover="3.2.0">
  <project timestamp="1509476934550" name="All files">
    <metrics statements="12" coveredstatements="9" conditionals="0" coveredconditionals="0" methods="6" coveredmethods="4" elements="18" coveredelements="13" complexity="0" loc="12" ncloc="12" packages="1" files="1" classes="1">
      <file name="main.js" path="/Users/floriangomis/project/webpackTest/main.js">
        <metrics statements="12" coveredstatements="9" conditionals="0" coveredconditionals="0" methods="6" coveredmethods="4"/>
        <line num="1" count="1" type="stmt"/>
        <line num="2" count="3" type="stmt"/>
        <line num="5" count="1" type="stmt"/>
        <line num="6" count="1" type="stmt"/>
        <line num="7" count="1" type="stmt"/>
        <line num="9" count="1" type="stmt"/>
        <line num="12" count="1" type="stmt"/>
        <line num="13" count="1" type="stmt"/>
        <line num="15" count="1" type="stmt"/>
        <line num="22" count="0" type="stmt"/>
        <line num="25" count="0" type="stmt"/>
        <line num="29" count="0" type="stmt"/>
      </file>
    </metrics>
  </project>
</coverage>
